<?xml version="1.0" encoding="UTF-8"?>
<testsuite xmlns:xsi="http://www.w3.org/2001/XMLSchema-instance" xsi:noNamespaceSchemaLocation="https://maven.apache.org/surefire/maven-surefire-plugin/xsd/surefire-test-report-3.0.xsd" version="3.0" name="dev.m0.csport.ControllersTest" time="14.84" tests="5" errors="0" skipped="0" failures="0">
  <properties>
[...]
</properties>
  <testcase name="testGetCourses_NoUserFound" classname="dev.m0.csport.ControllersTest" time="1.498">
    <system-out><![CDATA[18:38:59.465 [main] INFO org.springframework.test.context.support.AnnotationConfigContextLoaderUtils -- Could not detect default configuration classes for test class [dev.m0.csport.ControllersTest]: ControllersTest does not declare any static, non-private, non-final, nested classes annotated with @Configuration.
18:38:59.695 [main] INFO org.springframework.boot.test.context.SpringBootTestContextBootstrapper -- Found @SpringBootConfiguration dev.m0.csport.CsportApplication for test class dev.m0.csport.ControllersTest
18:38:59.996 [main] INFO org.springframework.boot.devtools.restart.RestartApplicationListener -- Restart disabled due to context in which it is running

  .   ____          _            __ _ _
 /\\ / ___'_ __ _ _(_)_ __  __ _ \ \ \ \
( ( )\___ | '_ | '_| | '_ \/ _` | \ \ \ \
 \\/  ___)| |_)| | | | | || (_| |  ) ) ) )
  '  |____| .__|_| |_|_| |_\__, | / / / /
 =========|_|==============|___/=/_/_/_/
 :: Spring Boot ::       (v3.1.6-SNAPSHOT)

2023-11-01T18:39:00.463+01:00  INFO 16636 --- [           main] dev.m0.csport.ControllersTest            : Starting ControllersTest using Java 17.0.9 with PID 16636 (started by mosas in c:\Users\sassi\java_projects\csport)
2023-11-01T18:39:00.465+01:00  INFO 16636 --- [           main] dev.m0.csport.ControllersTest            : No active profile set, falling back to 1 default profile: "default"
2023-11-01T18:39:01.892+01:00  INFO 16636 --- [           main] .s.d.r.c.RepositoryConfigurationDelegate : Bootstrapping Spring Data JPA repositories in DEFAULT mode.
2023-11-01T18:39:02.015+01:00  INFO 16636 --- [           main] .s.d.r.c.RepositoryConfigurationDelegate : Finished Spring Data repository scanning in 106 ms. Found 2 JPA repository interfaces.
2023-11-01T18:39:02.774+01:00  INFO 16636 --- [           main] o.hibernate.jpa.internal.util.LogHelper  : HHH000204: Processing PersistenceUnitInfo [name: default]
2023-11-01T18:39:02.918+01:00  INFO 16636 --- [           main] org.hibernate.Version                    : HHH000412: Hibernate ORM core version 6.2.13.Final
2023-11-01T18:39:02.923+01:00  INFO 16636 --- [           main] org.hibernate.cfg.Environment            : HHH000406: Using bytecode reflection optimizer
2023-11-01T18:39:03.685+01:00  INFO 16636 --- [           main] o.s.o.j.p.SpringPersistenceUnitInfo      : No LoadTimeWeaver setup: ignoring JPA class transformer
2023-11-01T18:39:03.734+01:00  INFO 16636 --- [           main] com.zaxxer.hikari.HikariDataSource       : HikariPool-1 - Starting...
2023-11-01T18:39:05.111+01:00  INFO 16636 --- [           main] com.zaxxer.hikari.pool.HikariPool        : HikariPool-1 - Added connection org.postgresql.jdbc.PgConnection@20864cd1
2023-11-01T18:39:05.115+01:00  INFO 16636 --- [           main] com.zaxxer.hikari.HikariDataSource       : HikariPool-1 - Start completed.
2023-11-01T18:39:06.861+01:00  INFO 16636 --- [           main] o.h.e.t.j.p.i.JtaPlatformInitiator       : HHH000489: No JTA platform available (set 'hibernate.transaction.jta.platform' to enable JTA platform integration)
2023-11-01T18:39:06.868+01:00  INFO 16636 --- [           main] j.LocalContainerEntityManagerFactoryBean : Initialized JPA EntityManagerFactory for persistence unit 'default'
2023-11-01T18:39:07.379+01:00  INFO 16636 --- [           main] o.s.d.j.r.query.QueryEnhancerFactory     : Hibernate is in classpath; If applicable, HQL parser will be used.
2023-11-01T18:39:08.464+01:00  WARN 16636 --- [           main] JpaBaseConfiguration$JpaWebConfiguration : spring.jpa.open-in-view is enabled by default. Therefore, database queries may be performed during view rendering. Explicitly configure spring.jpa.open-in-view to disable this warning
2023-11-01T18:39:09.123+01:00  WARN 16636 --- [           main] ion$DefaultTemplateResolverConfiguration : Cannot find template location: classpath:/templates/ (please add some templates, check your Thymeleaf configuration, or set spring.thymeleaf.check-template-location=false)
2023-11-01T18:39:09.475+01:00  INFO 16636 --- [           main] o.s.b.t.m.w.SpringBootMockServletContext : Initializing Spring TestDispatcherServlet ''
2023-11-01T18:39:09.476+01:00  INFO 16636 --- [           main] o.s.t.web.servlet.TestDispatcherServlet  : Initializing Servlet ''
2023-11-01T18:39:09.481+01:00  INFO 16636 --- [           main] o.s.t.web.servlet.TestDispatcherServlet  : Completed initialization in 2 ms
2023-11-01T18:39:09.523+01:00  INFO 16636 --- [           main] dev.m0.csport.ControllersTest            : Started ControllersTest in 9.554 seconds (process running for 11.289)
Hibernate: select c1_0.id,c1_0.available,c1_0.coach,c1_0.date,c1_0.localisation,c1_0.name,c1_0.places,c1_0.type from public.course c1_0
Hibernate: select u1_0.id,u1_0.age,c1_0.userid,c1_1.id,c1_1.available,c2_0.id,c2_0.age,c2_0.email,c2_0.fname,c2_0.lname,c2_0.role,c1_1.date,c1_1.localisation,c1_1.name,c1_1.places,c1_1.type,u1_0.email,u1_0.fname,u1_0.lname,u1_0.role from public.user u1_0 left join (users_courses c1_0 join public.course c1_1 on c1_1.id=c1_0.courseid) on u1_0.id=c1_0.userid left join public.user c2_0 on c2_0.id=c1_1.coach where u1_0.id=?
Hibernate: select u1_0.courseid,u1_1.id,u1_1.age,u1_1.email,u1_1.fname,u1_1.lname,u1_1.role from users_courses u1_0 join public.user u1_1 on u1_1.id=u1_0.userid where u1_0.courseid=?
Hibernate: select c1_0.userid,c1_1.id,c1_1.available,c2_0.id,c2_0.age,c2_0.email,c2_0.fname,c2_0.lname,c2_0.role,c1_1.date,c1_1.localisation,c1_1.name,c1_1.places,c1_1.type from users_courses c1_0 join public.course c1_1 on c1_1.id=c1_0.courseid left join public.user c2_0 on c2_0.id=c1_1.coach where c1_0.userid=?
Hibernate: select u1_0.courseid,u1_1.id,u1_1.age,u1_1.email,u1_1.fname,u1_1.lname,u1_1.role from users_courses u1_0 join public.user u1_1 on u1_1.id=u1_0.userid where u1_0.courseid=?
Hibernate: select u1_0.courseid,u1_1.id,u1_1.age,u1_1.email,u1_1.fname,u1_1.lname,u1_1.role from users_courses u1_0 join public.user u1_1 on u1_1.id=u1_0.userid where u1_0.courseid=?
Hibernate: select u1_0.courseid,u1_1.id,u1_1.age,u1_1.email,u1_1.fname,u1_1.lname,u1_1.role from users_courses u1_0 join public.user u1_1 on u1_1.id=u1_0.userid where u1_0.courseid=?
Hibernate: select u1_0.courseid,u1_1.id,u1_1.age,u1_1.email,u1_1.fname,u1_1.lname,u1_1.role from users_courses u1_0 join public.user u1_1 on u1_1.id=u1_0.userid where u1_0.courseid=?
Hibernate: select u1_0.courseid,u1_1.id,u1_1.age,u1_1.email,u1_1.fname,u1_1.lname,u1_1.role from users_courses u1_0 join public.user u1_1 on u1_1.id=u1_0.userid where u1_0.courseid=?
Hibernate: select u1_0.courseid,u1_1.id,u1_1.age,u1_1.email,u1_1.fname,u1_1.lname,u1_1.role from users_courses u1_0 join public.user u1_1 on u1_1.id=u1_0.userid where u1_0.courseid=?
Hibernate: select u1_0.id,u1_0.age,c1_0.userid,c1_1.id,c1_1.available,c2_0.id,c2_0.age,c2_0.email,c2_0.fname,c2_0.lname,c2_0.role,c1_1.date,c1_1.localisation,c1_1.name,c1_1.places,c1_1.type,u1_0.email,u1_0.fname,u1_0.lname,u1_0.role from public.user u1_0 left join (users_courses c1_0 join public.course c1_1 on c1_1.id=c1_0.courseid) on u1_0.id=c1_0.userid left join public.user c2_0 on c2_0.id=c1_1.coach where u1_0.id=?
]]></system-out>
  </testcase>
  <testcase name="testListAvailableCourses" classname="dev.m0.csport.ControllersTest" time="0.579">
    <system-out><![CDATA[Hibernate: select c1_0.id,c1_0.available,c1_0.coach,c1_0.date,c1_0.localisation,c1_0.name,c1_0.places,c1_0.type from public.course c1_0
Hibernate: select u1_0.id,u1_0.age,c1_0.userid,c1_1.id,c1_1.available,c2_0.id,c2_0.age,c2_0.email,c2_0.fname,c2_0.lname,c2_0.role,c1_1.date,c1_1.localisation,c1_1.name,c1_1.places,c1_1.type,u1_0.email,u1_0.fname,u1_0.lname,u1_0.role from public.user u1_0 left join (users_courses c1_0 join public.course c1_1 on c1_1.id=c1_0.courseid) on u1_0.id=c1_0.userid left join public.user c2_0 on c2_0.id=c1_1.coach where u1_0.id=?
Hibernate: select u1_0.courseid,u1_1.id,u1_1.age,u1_1.email,u1_1.fname,u1_1.lname,u1_1.role from users_courses u1_0 join public.user u1_1 on u1_1.id=u1_0.userid where u1_0.courseid=?
Hibernate: select c1_0.userid,c1_1.id,c1_1.available,c2_0.id,c2_0.age,c2_0.email,c2_0.fname,c2_0.lname,c2_0.role,c1_1.date,c1_1.localisation,c1_1.name,c1_1.places,c1_1.type from users_courses c1_0 join public.course c1_1 on c1_1.id=c1_0.courseid left join public.user c2_0 on c2_0.id=c1_1.coach where c1_0.userid=?
Hibernate: select u1_0.courseid,u1_1.id,u1_1.age,u1_1.email,u1_1.fname,u1_1.lname,u1_1.role from users_courses u1_0 join public.user u1_1 on u1_1.id=u1_0.userid where u1_0.courseid=?
Hibernate: select u1_0.courseid,u1_1.id,u1_1.age,u1_1.email,u1_1.fname,u1_1.lname,u1_1.role from users_courses u1_0 join public.user u1_1 on u1_1.id=u1_0.userid where u1_0.courseid=?
Hibernate: select u1_0.courseid,u1_1.id,u1_1.age,u1_1.email,u1_1.fname,u1_1.lname,u1_1.role from users_courses u1_0 join public.user u1_1 on u1_1.id=u1_0.userid where u1_0.courseid=?
Hibernate: select u1_0.courseid,u1_1.id,u1_1.age,u1_1.email,u1_1.fname,u1_1.lname,u1_1.role from users_courses u1_0 join public.user u1_1 on u1_1.id=u1_0.userid where u1_0.courseid=?
Hibernate: select u1_0.courseid,u1_1.id,u1_1.age,u1_1.email,u1_1.fname,u1_1.lname,u1_1.role from users_courses u1_0 join public.user u1_1 on u1_1.id=u1_0.userid where u1_0.courseid=?
Hibernate: select u1_0.courseid,u1_1.id,u1_1.age,u1_1.email,u1_1.fname,u1_1.lname,u1_1.role from users_courses u1_0 join public.user u1_1 on u1_1.id=u1_0.userid where u1_0.courseid=?
]]></system-out>
  </testcase>
  <testcase name="testCreateUser" classname="dev.m0.csport.ControllersTest" time="0.624">
    <system-out><![CDATA[Hibernate: select u1_0.id,u1_0.age,u1_0.email,u1_0.fname,u1_0.lname,u1_0.role from public.user u1_0
Hibernate: select c1_0.userid,c1_1.id,c1_1.available,c2_0.id,c2_0.age,c2_0.email,c2_0.fname,c2_0.lname,c2_0.role,c1_1.date,c1_1.localisation,c1_1.name,c1_1.places,c1_1.type from users_courses c1_0 join public.course c1_1 on c1_1.id=c1_0.courseid left join public.user c2_0 on c2_0.id=c1_1.coach where c1_0.userid=?
Hibernate: select c1_0.userid,c1_1.id,c1_1.available,c2_0.id,c2_0.age,c2_0.email,c2_0.fname,c2_0.lname,c2_0.role,c1_1.date,c1_1.localisation,c1_1.name,c1_1.places,c1_1.type from users_courses c1_0 join public.course c1_1 on c1_1.id=c1_0.courseid left join public.user c2_0 on c2_0.id=c1_1.coach where c1_0.userid=?
Hibernate: select c1_0.userid,c1_1.id,c1_1.available,c2_0.id,c2_0.age,c2_0.email,c2_0.fname,c2_0.lname,c2_0.role,c1_1.date,c1_1.localisation,c1_1.name,c1_1.places,c1_1.type from users_courses c1_0 join public.course c1_1 on c1_1.id=c1_0.courseid left join public.user c2_0 on c2_0.id=c1_1.coach where c1_0.userid=?
Hibernate: select c1_0.userid,c1_1.id,c1_1.available,c2_0.id,c2_0.age,c2_0.email,c2_0.fname,c2_0.lname,c2_0.role,c1_1.date,c1_1.localisation,c1_1.name,c1_1.places,c1_1.type from users_courses c1_0 join public.course c1_1 on c1_1.id=c1_0.courseid left join public.user c2_0 on c2_0.id=c1_1.coach where c1_0.userid=?
Hibernate: select c1_0.userid,c1_1.id,c1_1.available,c2_0.id,c2_0.age,c2_0.email,c2_0.fname,c2_0.lname,c2_0.role,c1_1.date,c1_1.localisation,c1_1.name,c1_1.places,c1_1.type from users_courses c1_0 join public.course c1_1 on c1_1.id=c1_0.courseid left join public.user c2_0 on c2_0.id=c1_1.coach where c1_0.userid=?
Hibernate: select c1_0.userid,c1_1.id,c1_1.available,c2_0.id,c2_0.age,c2_0.email,c2_0.fname,c2_0.lname,c2_0.role,c1_1.date,c1_1.localisation,c1_1.name,c1_1.places,c1_1.type from users_courses c1_0 join public.course c1_1 on c1_1.id=c1_0.courseid left join public.user c2_0 on c2_0.id=c1_1.coach where c1_0.userid=?
Hibernate: select u1_0.courseid,u1_1.id,u1_1.age,u1_1.email,u1_1.fname,u1_1.lname,u1_1.role from users_courses u1_0 join public.user u1_1 on u1_1.id=u1_0.userid where u1_0.courseid=?
Hibernate: insert into public.user (age,email,fname,lname,role) values (?,?,?,?,?)
]]></system-out>
  </testcase>
  <testcase name="testUnregisterCourse_Success" classname="dev.m0.csport.ControllersTest" time="0.363">
    <system-out><![CDATA[Hibernate: select u1_0.id,u1_0.age,c1_0.userid,c1_1.id,c1_1.available,c2_0.id,c2_0.age,c2_0.email,c2_0.fname,c2_0.lname,c2_0.role,c1_1.date,c1_1.localisation,c1_1.name,c1_1.places,c1_1.type,u1_0.email,u1_0.fname,u1_0.lname,u1_0.role from public.user u1_0 left join (users_courses c1_0 join public.course c1_1 on c1_1.id=c1_0.courseid) on u1_0.id=c1_0.userid left join public.user c2_0 on c2_0.id=c1_1.coach where u1_0.id=?
Hibernate: select u1_0.courseid,u1_1.id,u1_1.age,u1_1.email,u1_1.fname,u1_1.lname,u1_1.role from users_courses u1_0 join public.user u1_1 on u1_1.id=u1_0.userid where u1_0.courseid=?
Hibernate: select c1_0.userid,c1_1.id,c1_1.available,c2_0.id,c2_0.age,c2_0.email,c2_0.fname,c2_0.lname,c2_0.role,c1_1.date,c1_1.localisation,c1_1.name,c1_1.places,c1_1.type from users_courses c1_0 join public.course c1_1 on c1_1.id=c1_0.courseid left join public.user c2_0 on c2_0.id=c1_1.coach where c1_0.userid=?
course name : FitX12
Hibernate: update public.course set available=?,coach=?,date=?,localisation=?,name=?,places=?,type=? where id=?
Hibernate: delete from users_courses where courseid=?
]]></system-out>
  </testcase>
  <testcase name="testUnregisterCourse_UserNotFound" classname="dev.m0.csport.ControllersTest" time="0.098">
    <system-out><![CDATA[Hibernate: select u1_0.id,u1_0.age,c1_0.userid,c1_1.id,c1_1.available,c2_0.id,c2_0.age,c2_0.email,c2_0.fname,c2_0.lname,c2_0.role,c1_1.date,c1_1.localisation,c1_1.name,c1_1.places,c1_1.type,u1_0.email,u1_0.fname,u1_0.lname,u1_0.role from public.user u1_0 left join (users_courses c1_0 join public.course c1_1 on c1_1.id=c1_0.courseid) on u1_0.id=c1_0.userid left join public.user c2_0 on c2_0.id=c1_1.coach where u1_0.id=?
]]></system-out>
  </testcase>
</testsuite>